01:19:08  INFO      ======================================================================
01:19:08  INFO        ALIA — NLP Scoring Training Pipeline V2
01:19:08  INFO        Started  : 2026-03-28 01:19:08
01:19:08  INFO        Dataset  : conversation_transcripts_v2.csv
01:19:08  INFO        Tune     : False
01:19:08  INFO        6 tâches : T1 qualité | T2 scores | T3 sentiment | T4 niveau | T5 format | T6 conformité
01:19:08  INFO      ======================================================================
01:19:08  INFO      Dataset chargé    : 600 conversations × 25 colonnes
01:19:08  INFO      Qualité           : {'Bon': 252, 'Excellent': 210, 'Faible': 138}
01:19:08  INFO      Niveau ALIA       : {'Junior': 237, 'Confirmé': 213, 'Expert': 86, 'Débutant': 64}
01:19:08  INFO      Visit format      : {'Standard': 276, 'Flash': 203, 'Approfondie': 121}
01:19:08  INFO      Conformité        : {1: 462, 0: 138}
01:19:08  INFO      TF-IDF            : (600, 1525)  (ngram=(1, 2))
01:19:08  INFO      Features ling.    : (600, 24)  (24 features)
01:19:08  INFO      X_combined        : (600, 1549)
01:19:08  INFO      Labels encodés    :
01:19:08  INFO        t1 classes : ['Bon', 'Excellent', 'Faible']
01:19:08  INFO        t3 classes : ['Neutre', 'Négatif', 'Positif']
01:19:08  INFO        t4 classes : ['Confirmé', 'Débutant', 'Expert', 'Junior']
01:19:08  INFO        t5 classes : ['Approfondie', 'Flash', 'Standard']
01:19:08  INFO      Split             : train=480 | test=120
01:19:08  INFO      
============================================================
01:19:08  INFO        T1 — Classification Qualité — SVM RBF
01:19:08  INFO      ============================================================
01:19:08  INFO        CV F1-Macro : 1.0000 ± 0.0000
01:19:09  INFO        Test F1-Macro : 1.0000
01:19:09  INFO        Test Accuracy : 1.0000
01:19:09  INFO      
              precision    recall  f1-score   support

         Bon     1.0000    1.0000    1.0000        50
   Excellent     1.0000    1.0000    1.0000        42
      Faible     1.0000    1.0000    1.0000        28

    accuracy                         1.0000       120
   macro avg     1.0000    1.0000    1.0000       120
weighted avg     1.0000    1.0000    1.0000       120

01:19:09  INFO      
============================================================
01:19:09  INFO        T2 — Régression Scores — Ridge MultiOutput
01:19:09  INFO      ============================================================
01:19:09  INFO        scientific_accuracy_score           MAE=1.0375  R˛=0.6089
01:19:09  INFO        communication_clarity_score         MAE=0.9732  R˛=0.6948
01:19:09  INFO        objection_handling_score            MAE=0.9135  R˛=0.6488
01:19:09  INFO      
  Overall Score (ALIA)               MAE=0.7097  R˛=0.7574
01:19:09  INFO        Formule : 0.25×sci + 0.3×clar + 0.45×obj
01:19:09  INFO      
============================================================
01:19:09  INFO        T3 — Sentiment Client — Logistic Regression
01:19:09  INFO      ============================================================
01:19:09  INFO        CV F1-Macro : 0.7587 ± 0.0380
01:19:09  INFO        Test F1-Macro : 0.6890
01:19:09  INFO      
              precision    recall  f1-score   support

      Neutre     0.6034    0.6604    0.6306        53
     Négatif     0.7692    0.9524    0.8511        21
     Positif     0.6667    0.5217    0.5854        46

    accuracy                         0.6583       120
   macro avg     0.6798    0.7115    0.6890       120
weighted avg     0.6567    0.6583    0.6519       120

01:19:09  INFO      
============================================================
01:19:09  INFO        T4 — Niveau ALIA — SVM RBF (GridSearch recommandé)
01:19:09  INFO      ============================================================
01:19:10  INFO        CV F1-Macro : 0.5844 ± 0.0783
01:19:10  INFO        Test F1-Macro : 0.6740
01:19:10  INFO        Test Accuracy : 0.7500
01:19:10  INFO      
              precision    recall  f1-score   support

    Confirmé     0.7838    0.6905    0.7342        42
    Débutant     0.5000    0.4444    0.4706         9
      Expert     0.6667    0.6667    0.6667        15
      Junior     0.7833    0.8704    0.8246        54

    accuracy                         0.7500       120
   macro avg     0.6834    0.6680    0.6740       120
weighted avg     0.7477    0.7500    0.7466       120

01:19:10  INFO      
============================================================
01:19:10  INFO        T5 — Format Visite — Logistic Regression
01:19:10  INFO      ============================================================
01:19:11  INFO        CV F1-Macro : 0.7668 ± 0.0455
01:19:11  INFO        Test F1-Macro : 0.7281
01:19:11  INFO      
              precision    recall  f1-score   support

 Approfondie     0.5357    0.6522    0.5882        23
       Flash     0.9394    0.7949    0.8611        39
    Standard     0.7288    0.7414    0.7350        58

    accuracy                         0.7417       120
   macro avg     0.7346    0.7295    0.7281       120
weighted avg     0.7602    0.7417    0.7479       120

01:19:11  INFO      
============================================================
01:19:11  INFO        T6 — Conformité — Rčgle regex + LogReg backup
01:19:11  INFO      ============================================================
01:19:11  INFO        CV F1-Macro : 1.0000 ± 0.0000
01:19:11  INFO        Test F1-Macro : 1.0000
01:19:11  INFO        Test Accuracy : 1.0000
01:19:11  INFO        Note : la rčgle déterministe (regex mots tueurs) est
01:19:11  INFO               prioritaire sur le modčle ML pour T6.
01:19:11  INFO      
======================================================================
01:19:11  INFO        BENCHMARK FINAL — 6 tâches NLP Scoring V2
01:19:11  INFO      ======================================================================
01:19:11  INFO        Tâche     Description               Métrique  Statut
01:19:11  INFO        ----------------------------------------------------------
01:19:11  INFO      ======================================================================
01:19:11  INFO      
  Artifacts :
01:19:11  INFO          nlp_scoring_bundle_v2.pkl                        759.4 KB
01:19:11  INFO          nlp_training_report_v2.json                        1.3 KB
01:19:11  INFO          nlp_training_v2.log                                6.3 KB
01:19:11  INFO      
============================================================
01:19:11  INFO        DÉMO INFÉRENCE — 3 cas test
01:19:11  INFO      ============================================================
01:19:11  INFO           Niveau ALIA  : Expert  |  Format : Approfondie  |  Sentiment : Neutre
01:19:11  INFO           Niveau ALIA  : Junior  |  Format : Standard  |  Sentiment : Neutre
01:19:11  INFO           Niveau ALIA  : Junior  |  Format : Flash  |  Sentiment : Négatif
