20:33:37  INFO      ======================================================================
20:33:37  INFO        ALIA — LSTM Body Language Training Pipeline V2
20:33:37  INFO        Started : 2026-03-27 20:33:37
20:33:37  INFO        Data    : lstm_sequences_v2.npy
20:33:37  INFO      ======================================================================
20:33:37  INFO      Data chargé  : X=(500, 30, 66) | y=(500,)
20:33:37  INFO      Distribution : {'upright': np.int64(165), 'neutral': np.int64(200), 'slouched': np.int64(135)}
20:33:37  INFO      Split        : train=340 | val=60 | test=100
20:33:37  INFO      
  Architecture LSTM V2 :
20:33:37  INFO          Input      : (seq_len=30, features=66)
20:33:37  INFO          LSTM 1     : 64 unités
20:33:37  INFO          Dropout    : 0.3
20:33:37  INFO          LSTM 2     : 32 unités
20:33:37  INFO          Dense      : 16 unités (ReLU)
20:33:37  INFO          Output     : 3 classes (Softmax)
20:33:37  INFO          Paramètres : 46,531
20:33:37  INFO      ============================================================
20:33:37  INFO        LSTM Training — Adam + BPTT
20:33:37  INFO        Epochs=60 | LR=0.001 | Early=15
20:33:37  INFO      ============================================================
20:33:37  INFO         Epoch     TrLoss    ValLoss     TrAcc    ValAcc         LR
20:33:37  INFO        ----------------------------------------------------------
20:33:39  INFO             1     1.0929     1.0936    45.29%    50.00%   0.001000
20:33:47  INFO             5     1.0986     1.0986    47.06%    45.00%   0.001000
20:33:56  INFO            10     1.0986     1.0986    32.94%    33.33%   0.001000
20:34:06  INFO            15     1.0986     1.0986    32.94%    33.33%   0.000950
20:34:08  INFO        Early stopping epoch 16 (best_val_loss=1.0936)
20:34:08  INFO      
  Entraînement terminé en 31.0s
20:34:08  INFO      
  Évaluation finale :
20:34:08  INFO      
  Test — Accuracy=49.00%  F1-Macro=0.4097
20:34:08  INFO      
              precision    recall  f1-score   support

     upright     0.5088    0.8788    0.6444        33
     neutral     0.4615    0.4500    0.4557        40
    slouched     0.5000    0.0741    0.1290        27

    accuracy                         0.4900       100
   macro avg     0.4901    0.4676    0.4097       100
weighted avg     0.4875    0.4900    0.4298       100

20:34:08  INFO        Confusion matrix :
[[29  4  0]
 [20 18  2]
 [ 8 17  2]]
20:34:08  INFO      
============================================================
20:34:08  INFO        BENCHMARK FINAL — LSTM Body Language V2
20:34:08  INFO      ============================================================
20:34:08  INFO        Accuracy    : 49.00%
20:34:08  INFO        F1-Macro    : 0.4097
20:34:08  INFO        Val Loss    : 1.0936
20:34:08  INFO        Paramètres  : 46,531
20:34:08  INFO      ============================================================
20:34:08  INFO      
  Artifacts :
20:34:08  INFO          feature_extractor_v2.pkl                           0.1 KB
20:34:08  INFO          label_encoders_v2.pkl                              1.5 KB
20:34:08  INFO          lstm_baseline_rf.pkl                             304.5 KB
20:34:08  INFO          lstm_body_language.pkl                          1097.7 KB
20:34:08  INFO          lstm_body_language_v2.pkl                       1097.6 KB
20:34:08  INFO          lstm_geom_scaler.pkl                               0.9 KB
20:34:08  INFO          lstm_training.log                                  0.1 KB
20:34:08  INFO          lstm_training_report.json                          5.6 KB
20:34:08  INFO          lstm_training_report_v2.json                       2.1 KB
20:34:08  INFO          lstm_training_v2.log                               3.7 KB
20:34:08  INFO          nlp_scoring_bundle_v2.pkl                        759.4 KB
20:34:08  INFO          nlp_scoring_model.pkl                            217.7 KB
20:34:08  INFO          nlp_training_report_v2.json                        1.3 KB
20:34:08  INFO          nlp_training_v2.log                                8.8 KB
20:34:08  INFO          route_artifacts.pkl                               30.1 KB
20:34:08  INFO          route_model.pkl                                   30.4 KB
20:34:08  INFO          route_optimizer.log                                5.1 KB
20:34:08  INFO          route_training_report.json                         0.2 KB
20:34:08  INFO          scaler_feats_v2.pkl                                1.2 KB
20:34:08  INFO          t1_label_encoder.pkl                               0.5 KB
20:34:08  INFO          t1_quality_classifier.pkl                         97.9 KB
20:34:08  INFO          t1_quality_v2.pkl                                191.5 KB
20:34:08  INFO          t2_score_regressor.pkl                            60.1 KB
20:34:08  INFO          t2_scores_v2.pkl                                  37.3 KB
20:34:08  INFO          t3_label_encoder.pkl                               0.5 KB
20:34:08  INFO          t3_sentiment_classifier.pkl                       60.0 KB
20:34:08  INFO          t3_sentiment_v2.pkl                               37.1 KB
20:34:08  INFO          t4_niveau_v2.pkl                                 424.9 KB
20:34:08  INFO          t5_format_v2.pkl                                  37.1 KB
20:34:08  INFO          t6_conformite_v2.pkl                              13.0 KB
20:34:08  INFO          tfidf_v2.pkl                                      56.1 KB
20:34:08  INFO          training.log                                       5.2 KB
20:34:08  INFO          training_report.json                               1.5 KB
20:34:08  INFO      
============================================================
20:34:08  INFO        DÉMO INFÉRENCE V2 — 3 classes
20:34:08  INFO      ============================================================
20:34:08  INFO          Proba : {'upright': np.float64(0.336), 'neutral': np.float64(0.331), 'slouched': np.float64(0.333)}
20:34:08  INFO          VM    : Posture de confiance — argumentation et closing (étapes 5–6)
20:34:08  INFO          Coach : Excellente posture — utilisez cette ouverture pour renforcer votre argumentation.
20:34:08  INFO          Proba : {'upright': np.float64(0.331), 'neutral': np.float64(0.335), 'slouched': np.float64(0.334)}
20:34:08  INFO          VM    : Posture correcte — sondage et synthèse (étapes 2–4)
20:34:08  INFO          Coach : Posture correcte — pensez à vous redresser lors de l'étape argumentation (étape 5).
20:34:08  INFO          Proba : {'upright': np.float64(0.332), 'neutral': np.float64(0.334), 'slouched': np.float64(0.334)}
20:34:08  INFO          VM    : Posture fermée — signal de stress ou d'hésitation (étapes 1–2)
