20:33:18  INFO      ======================================================================
20:33:18  INFO        ALIA — Route Optimizer Pipeline V1
20:33:18  INFO        Started  : 2026-03-27 20:33:18
20:33:18  INFO        Tournée  : Monday 10h | 8 stops
20:33:18  INFO        Dépôt    : (36.8190, 10.1660)
20:33:18  INFO      ======================================================================
20:33:18  INFO      Dataset brut chargé : (232, 34)
20:33:18  INFO      Grand Tunis        : 64 pharmacies
20:33:18  INFO        Données réelles  : 18
20:33:18  INFO        Ŕ imputer (k-NN) : 46
20:33:18  INFO      Imputation k-NN (k=3) : OK
20:33:18  INFO        NaN restants : 0
20:33:18  INFO      Priority Scores calculés (Monday 10h) :
20:33:18  INFO        Range : 0.015 – 0.930
20:33:18  INFO        Moyenne : 0.400
20:33:20  INFO      Clustering K-Means (k=4) :
20:33:20  INFO        Zone A — Nord-Est (La Marsa / Carthage) : 16 pharmacies
20:33:20  INFO        Zone B — Centre (Tunis Médina / Belvédčre) : 6 pharmacies
20:33:20  INFO        Zone C — Centre-Ouest (Bardo / Manouba) : 23 pharmacies
20:33:20  INFO        Zone D — Sud (Ben Arous / Mégrine) : 19 pharmacies
20:33:20  INFO      
  Stops sélectionnés (8) :
20:33:20  INFO          0.930  Pharmacie Mustapha MRAD
20:33:20  INFO          0.873  Pharmacie Nada Soussou
20:33:20  INFO          0.820  Pharmacie Chaouch - Tunis
20:33:20  INFO          0.813  Pharmacie Chaabouni Haykel
20:33:20  INFO          0.734  Night Pharmacy
20:33:20  INFO          0.702  Pharmacie Khemiri Lassaad
20:33:20  INFO      
  Optimisation TSP :
20:33:20  INFO        Nearest Neighbor : 29.74 km (0.3ms)
20:33:20  INFO        2-Opt optimisé   : 23.70 km (5.5ms)
20:33:20  INFO        Amélioration     : -20.3%
20:33:20  INFO      
======================================================================
20:33:20  INFO        ROUTE OPTIMALE — Monday 10h
20:33:20  INFO      ======================================================================
20:33:20  INFO           1  Pharmacie Mustapha MRAD                   +5.1km
20:33:20  INFO           3  Pharmacie Chaouch - Tunis                 +2.5km
20:33:20  INFO           4  Pharmacie Chaabouni Haykel                +1.7km
20:33:20  INFO           5  Pharmacie Nada Soussou                    +0.1km
20:33:20  INFO           6  Pharmacie Khemiri Lassaad                 +4.5km
20:33:20  INFO           8  Night Pharmacy                            +1.6km
20:33:20  INFO      
  Distance totale : 23.70 km
20:33:20  INFO        Durée totale    : 81 min
20:33:20  INFO        Amélioration    : -20.3% vs NN
20:33:20  INFO      ======================================================================
20:33:20  INFO      
  Artifacts :
20:33:20  INFO          feature_extractor_v2.pkl                           0.1 KB
20:33:20  INFO          label_encoders_v2.pkl                              1.5 KB
20:33:20  INFO          lstm_baseline_rf.pkl                             304.5 KB
20:33:20  INFO          lstm_body_language.pkl                          1097.7 KB
20:33:20  INFO          lstm_geom_scaler.pkl                               0.9 KB
20:33:20  INFO          lstm_training.log                                  0.1 KB
20:33:20  INFO          lstm_training_report.json                          5.6 KB
20:33:20  INFO          nlp_scoring_bundle_v2.pkl                        759.4 KB
20:33:20  INFO          nlp_scoring_model.pkl                            217.7 KB
20:33:20  INFO          nlp_training_report_v2.json                        1.3 KB
20:33:20  INFO          nlp_training_v2.log                                8.8 KB
20:33:20  INFO          route_artifacts.pkl                               30.1 KB
20:33:20  INFO          route_model.pkl                                   30.4 KB
20:33:20  INFO          route_optimizer.log                                3.8 KB
20:33:20  INFO          route_training_report.json                         0.2 KB
20:33:20  INFO          scaler_feats_v2.pkl                                1.2 KB
20:33:20  INFO          t1_label_encoder.pkl                               0.5 KB
20:33:20  INFO          t1_quality_classifier.pkl                         97.9 KB
20:33:20  INFO          t1_quality_v2.pkl                                191.5 KB
20:33:20  INFO          t2_score_regressor.pkl                            60.1 KB
20:33:20  INFO          t2_scores_v2.pkl                                  37.3 KB
20:33:20  INFO          t3_label_encoder.pkl                               0.5 KB
20:33:20  INFO          t3_sentiment_classifier.pkl                       60.0 KB
20:33:20  INFO          t3_sentiment_v2.pkl                               37.1 KB
20:33:20  INFO          t4_niveau_v2.pkl                                 424.9 KB
20:33:20  INFO          t5_format_v2.pkl                                  37.1 KB
20:33:20  INFO          t6_conformite_v2.pkl                              13.0 KB
20:33:20  INFO          tfidf_v2.pkl                                      56.1 KB
20:33:20  INFO          training.log                                       5.2 KB
20:33:20  INFO          training_report.json                               1.5 KB
